The system is: Linux - 4.9.78 - x86_64
Compiling the C compiler identification source file "CMakeCCompilerId.c" succeeded.
Compiler: /nix/var/nix/profiles/default/bin/gcc 
Build flags: 
Id flags:  

The output was:
0


Compilation of the C compiler identification source "CMakeCCompilerId.c" produced "a.out"

The C compiler identification is GNU, found in "/home/wil/Code/CLionProjects/wevents/cmake-build-debug/CMakeFiles/3.9.6/CompilerIdC/a.out"

Compiling the CXX compiler identification source file "CMakeCXXCompilerId.cpp" succeeded.
Compiler: /nix/var/nix/profiles/default/bin/g++ 
Build flags: 
Id flags:  

The output was:
0


Compilation of the CXX compiler identification source "CMakeCXXCompilerId.cpp" produced "a.out"

The CXX compiler identification is GNU, found in "/home/wil/Code/CLionProjects/wevents/cmake-build-debug/CMakeFiles/3.9.6/CompilerIdCXX/a.out"

Determining if the C compiler works passed with the following output:
Change Dir: /home/wil/Code/CLionProjects/wevents/cmake-build-debug/CMakeFiles/CMakeTmp

Run Build Command:"/nix/var/nix/profiles/default/bin/make" "cmTC_75d8a/fast"
/nix/var/nix/profiles/default/bin/make -f CMakeFiles/cmTC_75d8a.dir/build.make CMakeFiles/cmTC_75d8a.dir/build
make[1]: Entering directory '/home/wil/Code/CLionProjects/wevents/cmake-build-debug/CMakeFiles/CMakeTmp'
Building C object CMakeFiles/cmTC_75d8a.dir/testCCompiler.c.o
/nix/var/nix/profiles/default/bin/gcc    -o CMakeFiles/cmTC_75d8a.dir/testCCompiler.c.o   -c /home/wil/Code/CLionProjects/wevents/cmake-build-debug/CMakeFiles/CMakeTmp/testCCompiler.c
Linking C executable cmTC_75d8a
/home/wil/Software/clion-2017.3.3/bin/cmake/bin/cmake -E cmake_link_script CMakeFiles/cmTC_75d8a.dir/link.txt --verbose=1
/nix/var/nix/profiles/default/bin/gcc      CMakeFiles/cmTC_75d8a.dir/testCCompiler.c.o  -o cmTC_75d8a 
make[1]: Leaving directory '/home/wil/Code/CLionProjects/wevents/cmake-build-debug/CMakeFiles/CMakeTmp'


Detecting C compiler ABI info compiled with the following output:
Change Dir: /home/wil/Code/CLionProjects/wevents/cmake-build-debug/CMakeFiles/CMakeTmp

Run Build Command:"/nix/var/nix/profiles/default/bin/make" "cmTC_fde46/fast"
/nix/var/nix/profiles/default/bin/make -f CMakeFiles/cmTC_fde46.dir/build.make CMakeFiles/cmTC_fde46.dir/build
make[1]: Entering directory '/home/wil/Code/CLionProjects/wevents/cmake-build-debug/CMakeFiles/CMakeTmp'
Building C object CMakeFiles/cmTC_fde46.dir/CMakeCCompilerABI.c.o
/nix/var/nix/profiles/default/bin/gcc    -o CMakeFiles/cmTC_fde46.dir/CMakeCCompilerABI.c.o   -c /home/wil/Software/clion-2017.3.3/bin/cmake/share/cmake-3.9/Modules/CMakeCCompilerABI.c
Linking C executable cmTC_fde46
/home/wil/Software/clion-2017.3.3/bin/cmake/bin/cmake -E cmake_link_script CMakeFiles/cmTC_fde46.dir/link.txt --verbose=1
/nix/var/nix/profiles/default/bin/gcc     -v CMakeFiles/cmTC_fde46.dir/CMakeCCompilerABI.c.o  -o cmTC_fde46 
Using built-in specs.
COLLECT_GCC=/nix/store/3p1b66av1sflap15jr4b8z6hw28fmjam-gcc-6.4.0/bin/gcc
COLLECT_LTO_WRAPPER=/nix/store/3p1b66av1sflap15jr4b8z6hw28fmjam-gcc-6.4.0/libexec/gcc/x86_64-unknown-linux-gnu/6.4.0/lto-wrapper
Target: x86_64-unknown-linux-gnu
Configured with: 
Thread model: posix
gcc version 6.4.0 (GCC) 
COMPILER_PATH=/nix/store/dk0n769l985raba2nrya2q7ivspafj6f-gcc-6.4.0-lib/lib/:/nix/store/d54amiggq6bw23jw6mdsgamvs6v1g3bh-glibc-2.25-123/lib/:/nix/store/5l6b97jscljkvsq9y9amg71v5jfzddm4-gcc-wrapper-6.4.0/bin/:/nix/store/3p1b66av1sflap15jr4b8z6hw28fmjam-gcc-6.4.0/libexec/gcc/x86_64-unknown-linux-gnu/6.4.0/:/nix/store/3p1b66av1sflap15jr4b8z6hw28fmjam-gcc-6.4.0/libexec/gcc/x86_64-unknown-linux-gnu/6.4.0/:/nix/store/3p1b66av1sflap15jr4b8z6hw28fmjam-gcc-6.4.0/libexec/gcc/x86_64-unknown-linux-gnu/:/nix/store/3p1b66av1sflap15jr4b8z6hw28fmjam-gcc-6.4.0/lib/gcc/x86_64-unknown-linux-gnu/6.4.0/:/nix/store/3p1b66av1sflap15jr4b8z6hw28fmjam-gcc-6.4.0/lib/gcc/x86_64-unknown-linux-gnu/
LIBRARY_PATH=/nix/store/dk0n769l985raba2nrya2q7ivspafj6f-gcc-6.4.0-lib/lib/:/nix/store/d54amiggq6bw23jw6mdsgamvs6v1g3bh-glibc-2.25-123/lib/:/nix/store/5l6b97jscljkvsq9y9amg71v5jfzddm4-gcc-wrapper-6.4.0/bin/:/nix/store/3p1b66av1sflap15jr4b8z6hw28fmjam-gcc-6.4.0/lib/gcc/x86_64-unknown-linux-gnu/6.4.0/:/nix/store/3p1b66av1sflap15jr4b8z6hw28fmjam-gcc-6.4.0/lib/gcc/x86_64-unknown-linux-gnu/6.4.0/../../../../lib64/:/nix/store/3p1b66av1sflap15jr4b8z6hw28fmjam-gcc-6.4.0/lib/gcc/x86_64-unknown-linux-gnu/6.4.0/../../../
COLLECT_GCC_OPTIONS='-v' '-o' 'cmTC_fde46' '-B' '/nix/store/dk0n769l985raba2nrya2q7ivspafj6f-gcc-6.4.0-lib/lib' '-B' '/nix/store/d54amiggq6bw23jw6mdsgamvs6v1g3bh-glibc-2.25-123/lib/' '-idirafter' '/nix/store/j4q18y05wpnjin423wf69nfb7r7q0ml9-glibc-2.25-123-dev/include' '-idirafter' '/nix/store/3p1b66av1sflap15jr4b8z6hw28fmjam-gcc-6.4.0/lib/gcc/x86_64-unknown-linux-gnu/6.4.0/include-fixed' '-B' '/nix/store/5l6b97jscljkvsq9y9amg71v5jfzddm4-gcc-wrapper-6.4.0/bin/' '-O2' '-D' '_FORTIFY_SOURCE=2' '-fstack-protector-strong' '--param' 'ssp-buffer-size=4' '-fPIC' '-fno-strict-overflow' '-Wformat=1' '-Wformat-security' '-Werror=format-security' '-L/nix/store/d54amiggq6bw23jw6mdsgamvs6v1g3bh-glibc-2.25-123/lib' '-L/nix/store/dk0n769l985raba2nrya2q7ivspafj6f-gcc-6.4.0-lib/lib' '-mtune=generic' '-march=x86-64'
 /nix/store/3p1b66av1sflap15jr4b8z6hw28fmjam-gcc-6.4.0/libexec/gcc/x86_64-unknown-linux-gnu/6.4.0/collect2 -plugin /nix/store/3p1b66av1sflap15jr4b8z6hw28fmjam-gcc-6.4.0/libexec/gcc/x86_64-unknown-linux-gnu/6.4.0/liblto_plugin.so -plugin-opt=/nix/store/3p1b66av1sflap15jr4b8z6hw28fmjam-gcc-6.4.0/libexec/gcc/x86_64-unknown-linux-gnu/6.4.0/lto-wrapper -plugin-opt=-fresolution=/tmp/cco7WCsI.res -plugin-opt=-pass-through=-lgcc -plugin-opt=-pass-through=-lgcc_s -plugin-opt=-pass-through=-lc -plugin-opt=-pass-through=-lgcc -plugin-opt=-pass-through=-lgcc_s --eh-frame-hdr -m elf_x86_64 -dynamic-linker /nix/store/d54amiggq6bw23jw6mdsgamvs6v1g3bh-glibc-2.25-123/lib64/ld-linux-x86-64.so.2 -o cmTC_fde46 /nix/store/d54amiggq6bw23jw6mdsgamvs6v1g3bh-glibc-2.25-123/lib/crt1.o /nix/store/d54amiggq6bw23jw6mdsgamvs6v1g3bh-glibc-2.25-123/lib/crti.o /nix/store/3p1b66av1sflap15jr4b8z6hw28fmjam-gcc-6.4.0/lib/gcc/x86_64-unknown-linux-gnu/6.4.0/crtbegin.o -L/nix/store/d54amiggq6bw23jw6mdsgamvs6v1g3bh-glibc-2.25-123/lib -L/nix/store/dk0n769l985raba2nrya2q7ivspafj6f-gcc-6.4.0-lib/lib -L/nix/store/dk0n769l985raba2nrya2q7ivspafj6f-gcc-6.4.0-lib/lib -L/nix/store/d54amiggq6bw23jw6mdsgamvs6v1g3bh-glibc-2.25-123/lib -L/nix/store/5l6b97jscljkvsq9y9amg71v5jfzddm4-gcc-wrapper-6.4.0/bin -L/nix/store/3p1b66av1sflap15jr4b8z6hw28fmjam-gcc-6.4.0/lib/gcc/x86_64-unknown-linux-gnu/6.4.0 -L/nix/store/3p1b66av1sflap15jr4b8z6hw28fmjam-gcc-6.4.0/lib/gcc/x86_64-unknown-linux-gnu/6.4.0/../../../../lib64 -L/nix/store/3p1b66av1sflap15jr4b8z6hw28fmjam-gcc-6.4.0/lib/gcc/x86_64-unknown-linux-gnu/6.4.0/../../.. -dynamic-linker /nix/store/d54amiggq6bw23jw6mdsgamvs6v1g3bh-glibc-2.25-123/lib/ld-linux-x86-64.so.2 CMakeFiles/cmTC_fde46.dir/CMakeCCompilerABI.c.o -lgcc --as-needed -lgcc_s --no-as-needed -lc -lgcc --as-needed -lgcc_s --no-as-needed /nix/store/3p1b66av1sflap15jr4b8z6hw28fmjam-gcc-6.4.0/lib/gcc/x86_64-unknown-linux-gnu/6.4.0/crtend.o /nix/store/d54amiggq6bw23jw6mdsgamvs6v1g3bh-glibc-2.25-123/lib/crtn.o
COLLECT_GCC_OPTIONS='-v' '-o' 'cmTC_fde46' '-B' '/nix/store/dk0n769l985raba2nrya2q7ivspafj6f-gcc-6.4.0-lib/lib' '-B' '/nix/store/d54amiggq6bw23jw6mdsgamvs6v1g3bh-glibc-2.25-123/lib/' '-idirafter' '/nix/store/j4q18y05wpnjin423wf69nfb7r7q0ml9-glibc-2.25-123-dev/include' '-idirafter' '/nix/store/3p1b66av1sflap15jr4b8z6hw28fmjam-gcc-6.4.0/lib/gcc/x86_64-unknown-linux-gnu/6.4.0/include-fixed' '-B' '/nix/store/5l6b97jscljkvsq9y9amg71v5jfzddm4-gcc-wrapper-6.4.0/bin/' '-O2' '-D' '_FORTIFY_SOURCE=2' '-fstack-protector-strong' '--param' 'ssp-buffer-size=4' '-fPIC' '-fno-strict-overflow' '-Wformat=1' '-Wformat-security' '-Werror=format-security' '-L/nix/store/d54amiggq6bw23jw6mdsgamvs6v1g3bh-glibc-2.25-123/lib' '-L/nix/store/dk0n769l985raba2nrya2q7ivspafj6f-gcc-6.4.0-lib/lib' '-mtune=generic' '-march=x86-64'
make[1]: Leaving directory '/home/wil/Code/CLionProjects/wevents/cmake-build-debug/CMakeFiles/CMakeTmp'


Parsed C implicit link information from above output:
  link line regex: [^( *|.*[/\])(ld|CMAKE_LINK_STARTFILE-NOTFOUND|([^/\]+-)?ld|collect2)[^/\]*( |$)]
  ignore line: [Change Dir: /home/wil/Code/CLionProjects/wevents/cmake-build-debug/CMakeFiles/CMakeTmp]
  ignore line: []
  ignore line: [Run Build Command:"/nix/var/nix/profiles/default/bin/make" "cmTC_fde46/fast"]
  ignore line: [/nix/var/nix/profiles/default/bin/make -f CMakeFiles/cmTC_fde46.dir/build.make CMakeFiles/cmTC_fde46.dir/build]
  ignore line: [make[1]: Entering directory '/home/wil/Code/CLionProjects/wevents/cmake-build-debug/CMakeFiles/CMakeTmp']
  ignore line: [Building C object CMakeFiles/cmTC_fde46.dir/CMakeCCompilerABI.c.o]
  ignore line: [/nix/var/nix/profiles/default/bin/gcc    -o CMakeFiles/cmTC_fde46.dir/CMakeCCompilerABI.c.o   -c /home/wil/Software/clion-2017.3.3/bin/cmake/share/cmake-3.9/Modules/CMakeCCompilerABI.c]
  ignore line: [Linking C executable cmTC_fde46]
  ignore line: [/home/wil/Software/clion-2017.3.3/bin/cmake/bin/cmake -E cmake_link_script CMakeFiles/cmTC_fde46.dir/link.txt --verbose=1]
  ignore line: [/nix/var/nix/profiles/default/bin/gcc     -v CMakeFiles/cmTC_fde46.dir/CMakeCCompilerABI.c.o  -o cmTC_fde46 ]
  ignore line: [Using built-in specs.]
  ignore line: [COLLECT_GCC=/nix/store/3p1b66av1sflap15jr4b8z6hw28fmjam-gcc-6.4.0/bin/gcc]
  ignore line: [COLLECT_LTO_WRAPPER=/nix/store/3p1b66av1sflap15jr4b8z6hw28fmjam-gcc-6.4.0/libexec/gcc/x86_64-unknown-linux-gnu/6.4.0/lto-wrapper]
  ignore line: [Target: x86_64-unknown-linux-gnu]
  ignore line: [Configured with: ]
  ignore line: [Thread model: posix]
  ignore line: [gcc version 6.4.0 (GCC) ]
  ignore line: [COMPILER_PATH=/nix/store/dk0n769l985raba2nrya2q7ivspafj6f-gcc-6.4.0-lib/lib/:/nix/store/d54amiggq6bw23jw6mdsgamvs6v1g3bh-glibc-2.25-123/lib/:/nix/store/5l6b97jscljkvsq9y9amg71v5jfzddm4-gcc-wrapper-6.4.0/bin/:/nix/store/3p1b66av1sflap15jr4b8z6hw28fmjam-gcc-6.4.0/libexec/gcc/x86_64-unknown-linux-gnu/6.4.0/:/nix/store/3p1b66av1sflap15jr4b8z6hw28fmjam-gcc-6.4.0/libexec/gcc/x86_64-unknown-linux-gnu/6.4.0/:/nix/store/3p1b66av1sflap15jr4b8z6hw28fmjam-gcc-6.4.0/libexec/gcc/x86_64-unknown-linux-gnu/:/nix/store/3p1b66av1sflap15jr4b8z6hw28fmjam-gcc-6.4.0/lib/gcc/x86_64-unknown-linux-gnu/6.4.0/:/nix/store/3p1b66av1sflap15jr4b8z6hw28fmjam-gcc-6.4.0/lib/gcc/x86_64-unknown-linux-gnu/]
  ignore line: [LIBRARY_PATH=/nix/store/dk0n769l985raba2nrya2q7ivspafj6f-gcc-6.4.0-lib/lib/:/nix/store/d54amiggq6bw23jw6mdsgamvs6v1g3bh-glibc-2.25-123/lib/:/nix/store/5l6b97jscljkvsq9y9amg71v5jfzddm4-gcc-wrapper-6.4.0/bin/:/nix/store/3p1b66av1sflap15jr4b8z6hw28fmjam-gcc-6.4.0/lib/gcc/x86_64-unknown-linux-gnu/6.4.0/:/nix/store/3p1b66av1sflap15jr4b8z6hw28fmjam-gcc-6.4.0/lib/gcc/x86_64-unknown-linux-gnu/6.4.0/../../../../lib64/:/nix/store/3p1b66av1sflap15jr4b8z6hw28fmjam-gcc-6.4.0/lib/gcc/x86_64-unknown-linux-gnu/6.4.0/../../../]
  ignore line: [COLLECT_GCC_OPTIONS='-v' '-o' 'cmTC_fde46' '-B' '/nix/store/dk0n769l985raba2nrya2q7ivspafj6f-gcc-6.4.0-lib/lib' '-B' '/nix/store/d54amiggq6bw23jw6mdsgamvs6v1g3bh-glibc-2.25-123/lib/' '-idirafter' '/nix/store/j4q18y05wpnjin423wf69nfb7r7q0ml9-glibc-2.25-123-dev/include' '-idirafter' '/nix/store/3p1b66av1sflap15jr4b8z6hw28fmjam-gcc-6.4.0/lib/gcc/x86_64-unknown-linux-gnu/6.4.0/include-fixed' '-B' '/nix/store/5l6b97jscljkvsq9y9amg71v5jfzddm4-gcc-wrapper-6.4.0/bin/' '-O2' '-D' '_FORTIFY_SOURCE=2' '-fstack-protector-strong' '--param' 'ssp-buffer-size=4' '-fPIC' '-fno-strict-overflow' '-Wformat=1' '-Wformat-security' '-Werror=format-security' '-L/nix/store/d54amiggq6bw23jw6mdsgamvs6v1g3bh-glibc-2.25-123/lib' '-L/nix/store/dk0n769l985raba2nrya2q7ivspafj6f-gcc-6.4.0-lib/lib' '-mtune=generic' '-march=x86-64']
  link line: [ /nix/store/3p1b66av1sflap15jr4b8z6hw28fmjam-gcc-6.4.0/libexec/gcc/x86_64-unknown-linux-gnu/6.4.0/collect2 -plugin /nix/store/3p1b66av1sflap15jr4b8z6hw28fmjam-gcc-6.4.0/libexec/gcc/x86_64-unknown-linux-gnu/6.4.0/liblto_plugin.so -plugin-opt=/nix/store/3p1b66av1sflap15jr4b8z6hw28fmjam-gcc-6.4.0/libexec/gcc/x86_64-unknown-linux-gnu/6.4.0/lto-wrapper -plugin-opt=-fresolution=/tmp/cco7WCsI.res -plugin-opt=-pass-through=-lgcc -plugin-opt=-pass-through=-lgcc_s -plugin-opt=-pass-through=-lc -plugin-opt=-pass-through=-lgcc -plugin-opt=-pass-through=-lgcc_s --eh-frame-hdr -m elf_x86_64 -dynamic-linker /nix/store/d54amiggq6bw23jw6mdsgamvs6v1g3bh-glibc-2.25-123/lib64/ld-linux-x86-64.so.2 -o cmTC_fde46 /nix/store/d54amiggq6bw23jw6mdsgamvs6v1g3bh-glibc-2.25-123/lib/crt1.o /nix/store/d54amiggq6bw23jw6mdsgamvs6v1g3bh-glibc-2.25-123/lib/crti.o /nix/store/3p1b66av1sflap15jr4b8z6hw28fmjam-gcc-6.4.0/lib/gcc/x86_64-unknown-linux-gnu/6.4.0/crtbegin.o -L/nix/store/d54amiggq6bw23jw6mdsgamvs6v1g3bh-glibc-2.25-123/lib -L/nix/store/dk0n769l985raba2nrya2q7ivspafj6f-gcc-6.4.0-lib/lib -L/nix/store/dk0n769l985raba2nrya2q7ivspafj6f-gcc-6.4.0-lib/lib -L/nix/store/d54amiggq6bw23jw6mdsgamvs6v1g3bh-glibc-2.25-123/lib -L/nix/store/5l6b97jscljkvsq9y9amg71v5jfzddm4-gcc-wrapper-6.4.0/bin -L/nix/store/3p1b66av1sflap15jr4b8z6hw28fmjam-gcc-6.4.0/lib/gcc/x86_64-unknown-linux-gnu/6.4.0 -L/nix/store/3p1b66av1sflap15jr4b8z6hw28fmjam-gcc-6.4.0/lib/gcc/x86_64-unknown-linux-gnu/6.4.0/../../../../lib64 -L/nix/store/3p1b66av1sflap15jr4b8z6hw28fmjam-gcc-6.4.0/lib/gcc/x86_64-unknown-linux-gnu/6.4.0/../../.. -dynamic-linker /nix/store/d54amiggq6bw23jw6mdsgamvs6v1g3bh-glibc-2.25-123/lib/ld-linux-x86-64.so.2 CMakeFiles/cmTC_fde46.dir/CMakeCCompilerABI.c.o -lgcc --as-needed -lgcc_s --no-as-needed -lc -lgcc --as-needed -lgcc_s --no-as-needed /nix/store/3p1b66av1sflap15jr4b8z6hw28fmjam-gcc-6.4.0/lib/gcc/x86_64-unknown-linux-gnu/6.4.0/crtend.o /nix/store/d54amiggq6bw23jw6mdsgamvs6v1g3bh-glibc-2.25-123/lib/crtn.o]
    arg [/nix/store/3p1b66av1sflap15jr4b8z6hw28fmjam-gcc-6.4.0/libexec/gcc/x86_64-unknown-linux-gnu/6.4.0/collect2] ==> ignore
    arg [-plugin] ==> ignore
    arg [/nix/store/3p1b66av1sflap15jr4b8z6hw28fmjam-gcc-6.4.0/libexec/gcc/x86_64-unknown-linux-gnu/6.4.0/liblto_plugin.so] ==> ignore
    arg [-plugin-opt=/nix/store/3p1b66av1sflap15jr4b8z6hw28fmjam-gcc-6.4.0/libexec/gcc/x86_64-unknown-linux-gnu/6.4.0/lto-wrapper] ==> ignore
    arg [-plugin-opt=-fresolution=/tmp/cco7WCsI.res] ==> ignore
    arg [-plugin-opt=-pass-through=-lgcc] ==> ignore
    arg [-plugin-opt=-pass-through=-lgcc_s] ==> ignore
    arg [-plugin-opt=-pass-through=-lc] ==> ignore
    arg [-plugin-opt=-pass-through=-lgcc] ==> ignore
    arg [-plugin-opt=-pass-through=-lgcc_s] ==> ignore
    arg [--eh-frame-hdr] ==> ignore
    arg [-m] ==> ignore
    arg [elf_x86_64] ==> ignore
    arg [-dynamic-linker] ==> ignore
    arg [/nix/store/d54amiggq6bw23jw6mdsgamvs6v1g3bh-glibc-2.25-123/lib64/ld-linux-x86-64.so.2] ==> ignore
    arg [-o] ==> ignore
    arg [cmTC_fde46] ==> ignore
    arg [/nix/store/d54amiggq6bw23jw6mdsgamvs6v1g3bh-glibc-2.25-123/lib/crt1.o] ==> ignore
    arg [/nix/store/d54amiggq6bw23jw6mdsgamvs6v1g3bh-glibc-2.25-123/lib/crti.o] ==> ignore
    arg [/nix/store/3p1b66av1sflap15jr4b8z6hw28fmjam-gcc-6.4.0/lib/gcc/x86_64-unknown-linux-gnu/6.4.0/crtbegin.o] ==> ignore
    arg [-L/nix/store/d54amiggq6bw23jw6mdsgamvs6v1g3bh-glibc-2.25-123/lib] ==> dir [/nix/store/d54amiggq6bw23jw6mdsgamvs6v1g3bh-glibc-2.25-123/lib]
    arg [-L/nix/store/dk0n769l985raba2nrya2q7ivspafj6f-gcc-6.4.0-lib/lib] ==> dir [/nix/store/dk0n769l985raba2nrya2q7ivspafj6f-gcc-6.4.0-lib/lib]
    arg [-L/nix/store/dk0n769l985raba2nrya2q7ivspafj6f-gcc-6.4.0-lib/lib] ==> dir [/nix/store/dk0n769l985raba2nrya2q7ivspafj6f-gcc-6.4.0-lib/lib]
    arg [-L/nix/store/d54amiggq6bw23jw6mdsgamvs6v1g3bh-glibc-2.25-123/lib] ==> dir [/nix/store/d54amiggq6bw23jw6mdsgamvs6v1g3bh-glibc-2.25-123/lib]
    arg [-L/nix/store/5l6b97jscljkvsq9y9amg71v5jfzddm4-gcc-wrapper-6.4.0/bin] ==> dir [/nix/store/5l6b97jscljkvsq9y9amg71v5jfzddm4-gcc-wrapper-6.4.0/bin]
    arg [-L/nix/store/3p1b66av1sflap15jr4b8z6hw28fmjam-gcc-6.4.0/lib/gcc/x86_64-unknown-linux-gnu/6.4.0] ==> dir [/nix/store/3p1b66av1sflap15jr4b8z6hw28fmjam-gcc-6.4.0/lib/gcc/x86_64-unknown-linux-gnu/6.4.0]
    arg [-L/nix/store/3p1b66av1sflap15jr4b8z6hw28fmjam-gcc-6.4.0/lib/gcc/x86_64-unknown-linux-gnu/6.4.0/../../../../lib64] ==> dir [/nix/store/3p1b66av1sflap15jr4b8z6hw28fmjam-gcc-6.4.0/lib/gcc/x86_64-unknown-linux-gnu/6.4.0/../../../../lib64]
    arg [-L/nix/store/3p1b66av1sflap15jr4b8z6hw28fmjam-gcc-6.4.0/lib/gcc/x86_64-unknown-linux-gnu/6.4.0/../../..] ==> dir [/nix/store/3p1b66av1sflap15jr4b8z6hw28fmjam-gcc-6.4.0/lib/gcc/x86_64-unknown-linux-gnu/6.4.0/../../..]
    arg [-dynamic-linker] ==> ignore
    arg [/nix/store/d54amiggq6bw23jw6mdsgamvs6v1g3bh-glibc-2.25-123/lib/ld-linux-x86-64.so.2] ==> ignore
    arg [CMakeFiles/cmTC_fde46.dir/CMakeCCompilerABI.c.o] ==> ignore
    arg [-lgcc] ==> lib [gcc]
    arg [--as-needed] ==> ignore
    arg [-lgcc_s] ==> lib [gcc_s]
    arg [--no-as-needed] ==> ignore
    arg [-lc] ==> lib [c]
    arg [-lgcc] ==> lib [gcc]
    arg [--as-needed] ==> ignore
    arg [-lgcc_s] ==> lib [gcc_s]
    arg [--no-as-needed] ==> ignore
    arg [/nix/store/3p1b66av1sflap15jr4b8z6hw28fmjam-gcc-6.4.0/lib/gcc/x86_64-unknown-linux-gnu/6.4.0/crtend.o] ==> ignore
    arg [/nix/store/d54amiggq6bw23jw6mdsgamvs6v1g3bh-glibc-2.25-123/lib/crtn.o] ==> ignore
  collapse library dir [/nix/store/d54amiggq6bw23jw6mdsgamvs6v1g3bh-glibc-2.25-123/lib] ==> [/nix/store/d54amiggq6bw23jw6mdsgamvs6v1g3bh-glibc-2.25-123/lib]
  collapse library dir [/nix/store/dk0n769l985raba2nrya2q7ivspafj6f-gcc-6.4.0-lib/lib] ==> [/nix/store/dk0n769l985raba2nrya2q7ivspafj6f-gcc-6.4.0-lib/lib]
  collapse library dir [/nix/store/dk0n769l985raba2nrya2q7ivspafj6f-gcc-6.4.0-lib/lib] ==> [/nix/store/dk0n769l985raba2nrya2q7ivspafj6f-gcc-6.4.0-lib/lib]
  collapse library dir [/nix/store/d54amiggq6bw23jw6mdsgamvs6v1g3bh-glibc-2.25-123/lib] ==> [/nix/store/d54amiggq6bw23jw6mdsgamvs6v1g3bh-glibc-2.25-123/lib]
  collapse library dir [/nix/store/5l6b97jscljkvsq9y9amg71v5jfzddm4-gcc-wrapper-6.4.0/bin] ==> [/nix/store/5l6b97jscljkvsq9y9amg71v5jfzddm4-gcc-wrapper-6.4.0/bin]
  collapse library dir [/nix/store/3p1b66av1sflap15jr4b8z6hw28fmjam-gcc-6.4.0/lib/gcc/x86_64-unknown-linux-gnu/6.4.0] ==> [/nix/store/3p1b66av1sflap15jr4b8z6hw28fmjam-gcc-6.4.0/lib/gcc/x86_64-unknown-linux-gnu/6.4.0]
  collapse library dir [/nix/store/3p1b66av1sflap15jr4b8z6hw28fmjam-gcc-6.4.0/lib/gcc/x86_64-unknown-linux-gnu/6.4.0/../../../../lib64] ==> [/nix/store/3p1b66av1sflap15jr4b8z6hw28fmjam-gcc-6.4.0/lib64]
  collapse library dir [/nix/store/3p1b66av1sflap15jr4b8z6hw28fmjam-gcc-6.4.0/lib/gcc/x86_64-unknown-linux-gnu/6.4.0/../../..] ==> [/nix/store/3p1b66av1sflap15jr4b8z6hw28fmjam-gcc-6.4.0/lib]
  implicit libs: [gcc;gcc_s;c;gcc;gcc_s]
  implicit dirs: [/nix/store/d54amiggq6bw23jw6mdsgamvs6v1g3bh-glibc-2.25-123/lib;/nix/store/dk0n769l985raba2nrya2q7ivspafj6f-gcc-6.4.0-lib/lib;/nix/store/5l6b97jscljkvsq9y9amg71v5jfzddm4-gcc-wrapper-6.4.0/bin;/nix/store/3p1b66av1sflap15jr4b8z6hw28fmjam-gcc-6.4.0/lib/gcc/x86_64-unknown-linux-gnu/6.4.0;/nix/store/3p1b66av1sflap15jr4b8z6hw28fmjam-gcc-6.4.0/lib64;/nix/store/3p1b66av1sflap15jr4b8z6hw28fmjam-gcc-6.4.0/lib]
  implicit fwks: []




Detecting C [-std=c11] compiler features compiled with the following output:
Change Dir: /home/wil/Code/CLionProjects/wevents/cmake-build-debug/CMakeFiles/CMakeTmp

Run Build Command:"/nix/var/nix/profiles/default/bin/make" "cmTC_1d6d1/fast"
/nix/var/nix/profiles/default/bin/make -f CMakeFiles/cmTC_1d6d1.dir/build.make CMakeFiles/cmTC_1d6d1.dir/build
make[1]: Entering directory '/home/wil/Code/CLionProjects/wevents/cmake-build-debug/CMakeFiles/CMakeTmp'
Building C object CMakeFiles/cmTC_1d6d1.dir/feature_tests.c.o
/nix/var/nix/profiles/default/bin/gcc   -std=c11 -o CMakeFiles/cmTC_1d6d1.dir/feature_tests.c.o   -c /home/wil/Code/CLionProjects/wevents/cmake-build-debug/CMakeFiles/feature_tests.c
Linking C executable cmTC_1d6d1
/home/wil/Software/clion-2017.3.3/bin/cmake/bin/cmake -E cmake_link_script CMakeFiles/cmTC_1d6d1.dir/link.txt --verbose=1
/nix/var/nix/profiles/default/bin/gcc      CMakeFiles/cmTC_1d6d1.dir/feature_tests.c.o  -o cmTC_1d6d1 
make[1]: Leaving directory '/home/wil/Code/CLionProjects/wevents/cmake-build-debug/CMakeFiles/CMakeTmp'


    Feature record: C_FEATURE:1c_function_prototypes
    Feature record: C_FEATURE:1c_restrict
    Feature record: C_FEATURE:1c_static_assert
    Feature record: C_FEATURE:1c_variadic_macros


Detecting C [-std=c99] compiler features compiled with the following output:
Change Dir: /home/wil/Code/CLionProjects/wevents/cmake-build-debug/CMakeFiles/CMakeTmp

Run Build Command:"/nix/var/nix/profiles/default/bin/make" "cmTC_2168d/fast"
/nix/var/nix/profiles/default/bin/make -f CMakeFiles/cmTC_2168d.dir/build.make CMakeFiles/cmTC_2168d.dir/build
make[1]: Entering directory '/home/wil/Code/CLionProjects/wevents/cmake-build-debug/CMakeFiles/CMakeTmp'
Building C object CMakeFiles/cmTC_2168d.dir/feature_tests.c.o
/nix/var/nix/profiles/default/bin/gcc   -std=c99 -o CMakeFiles/cmTC_2168d.dir/feature_tests.c.o   -c /home/wil/Code/CLionProjects/wevents/cmake-build-debug/CMakeFiles/feature_tests.c
Linking C executable cmTC_2168d
/home/wil/Software/clion-2017.3.3/bin/cmake/bin/cmake -E cmake_link_script CMakeFiles/cmTC_2168d.dir/link.txt --verbose=1
/nix/var/nix/profiles/default/bin/gcc      CMakeFiles/cmTC_2168d.dir/feature_tests.c.o  -o cmTC_2168d 
make[1]: Leaving directory '/home/wil/Code/CLionProjects/wevents/cmake-build-debug/CMakeFiles/CMakeTmp'


    Feature record: C_FEATURE:1c_function_prototypes
    Feature record: C_FEATURE:1c_restrict
    Feature record: C_FEATURE:0c_static_assert
    Feature record: C_FEATURE:1c_variadic_macros


Detecting C [-std=c90] compiler features compiled with the following output:
Change Dir: /home/wil/Code/CLionProjects/wevents/cmake-build-debug/CMakeFiles/CMakeTmp

Run Build Command:"/nix/var/nix/profiles/default/bin/make" "cmTC_4810c/fast"
/nix/var/nix/profiles/default/bin/make -f CMakeFiles/cmTC_4810c.dir/build.make CMakeFiles/cmTC_4810c.dir/build
make[1]: Entering directory '/home/wil/Code/CLionProjects/wevents/cmake-build-debug/CMakeFiles/CMakeTmp'
Building C object CMakeFiles/cmTC_4810c.dir/feature_tests.c.o
/nix/var/nix/profiles/default/bin/gcc   -std=c90 -o CMakeFiles/cmTC_4810c.dir/feature_tests.c.o   -c /home/wil/Code/CLionProjects/wevents/cmake-build-debug/CMakeFiles/feature_tests.c
Linking C executable cmTC_4810c
/home/wil/Software/clion-2017.3.3/bin/cmake/bin/cmake -E cmake_link_script CMakeFiles/cmTC_4810c.dir/link.txt --verbose=1
/nix/var/nix/profiles/default/bin/gcc      CMakeFiles/cmTC_4810c.dir/feature_tests.c.o  -o cmTC_4810c 
make[1]: Leaving directory '/home/wil/Code/CLionProjects/wevents/cmake-build-debug/CMakeFiles/CMakeTmp'


    Feature record: C_FEATURE:1c_function_prototypes
    Feature record: C_FEATURE:0c_restrict
    Feature record: C_FEATURE:0c_static_assert
    Feature record: C_FEATURE:0c_variadic_macros
Determining if the CXX compiler works passed with the following output:
Change Dir: /home/wil/Code/CLionProjects/wevents/cmake-build-debug/CMakeFiles/CMakeTmp

Run Build Command:"/nix/var/nix/profiles/default/bin/make" "cmTC_1ee76/fast"
/nix/var/nix/profiles/default/bin/make -f CMakeFiles/cmTC_1ee76.dir/build.make CMakeFiles/cmTC_1ee76.dir/build
make[1]: Entering directory '/home/wil/Code/CLionProjects/wevents/cmake-build-debug/CMakeFiles/CMakeTmp'
Building CXX object CMakeFiles/cmTC_1ee76.dir/testCXXCompiler.cxx.o
/nix/var/nix/profiles/default/bin/g++     -o CMakeFiles/cmTC_1ee76.dir/testCXXCompiler.cxx.o -c /home/wil/Code/CLionProjects/wevents/cmake-build-debug/CMakeFiles/CMakeTmp/testCXXCompiler.cxx
Linking CXX executable cmTC_1ee76
/home/wil/Software/clion-2017.3.3/bin/cmake/bin/cmake -E cmake_link_script CMakeFiles/cmTC_1ee76.dir/link.txt --verbose=1
/nix/var/nix/profiles/default/bin/g++       CMakeFiles/cmTC_1ee76.dir/testCXXCompiler.cxx.o  -o cmTC_1ee76 
make[1]: Leaving directory '/home/wil/Code/CLionProjects/wevents/cmake-build-debug/CMakeFiles/CMakeTmp'


Detecting CXX compiler ABI info compiled with the following output:
Change Dir: /home/wil/Code/CLionProjects/wevents/cmake-build-debug/CMakeFiles/CMakeTmp

Run Build Command:"/nix/var/nix/profiles/default/bin/make" "cmTC_e0e96/fast"
/nix/var/nix/profiles/default/bin/make -f CMakeFiles/cmTC_e0e96.dir/build.make CMakeFiles/cmTC_e0e96.dir/build
make[1]: Entering directory '/home/wil/Code/CLionProjects/wevents/cmake-build-debug/CMakeFiles/CMakeTmp'
Building CXX object CMakeFiles/cmTC_e0e96.dir/CMakeCXXCompilerABI.cpp.o
/nix/var/nix/profiles/default/bin/g++     -o CMakeFiles/cmTC_e0e96.dir/CMakeCXXCompilerABI.cpp.o -c /home/wil/Software/clion-2017.3.3/bin/cmake/share/cmake-3.9/Modules/CMakeCXXCompilerABI.cpp
Linking CXX executable cmTC_e0e96
/home/wil/Software/clion-2017.3.3/bin/cmake/bin/cmake -E cmake_link_script CMakeFiles/cmTC_e0e96.dir/link.txt --verbose=1
/nix/var/nix/profiles/default/bin/g++      -v CMakeFiles/cmTC_e0e96.dir/CMakeCXXCompilerABI.cpp.o  -o cmTC_e0e96 
Using built-in specs.
COLLECT_GCC=/nix/store/3p1b66av1sflap15jr4b8z6hw28fmjam-gcc-6.4.0/bin/g++
COLLECT_LTO_WRAPPER=/nix/store/3p1b66av1sflap15jr4b8z6hw28fmjam-gcc-6.4.0/libexec/gcc/x86_64-unknown-linux-gnu/6.4.0/lto-wrapper
Target: x86_64-unknown-linux-gnu
Configured with: 
Thread model: posix
gcc version 6.4.0 (GCC) 
COMPILER_PATH=/nix/store/dk0n769l985raba2nrya2q7ivspafj6f-gcc-6.4.0-lib/lib/:/nix/store/d54amiggq6bw23jw6mdsgamvs6v1g3bh-glibc-2.25-123/lib/:/nix/store/5l6b97jscljkvsq9y9amg71v5jfzddm4-gcc-wrapper-6.4.0/bin/:/nix/store/3p1b66av1sflap15jr4b8z6hw28fmjam-gcc-6.4.0/libexec/gcc/x86_64-unknown-linux-gnu/6.4.0/:/nix/store/3p1b66av1sflap15jr4b8z6hw28fmjam-gcc-6.4.0/libexec/gcc/x86_64-unknown-linux-gnu/6.4.0/:/nix/store/3p1b66av1sflap15jr4b8z6hw28fmjam-gcc-6.4.0/libexec/gcc/x86_64-unknown-linux-gnu/:/nix/store/3p1b66av1sflap15jr4b8z6hw28fmjam-gcc-6.4.0/lib/gcc/x86_64-unknown-linux-gnu/6.4.0/:/nix/store/3p1b66av1sflap15jr4b8z6hw28fmjam-gcc-6.4.0/lib/gcc/x86_64-unknown-linux-gnu/
LIBRARY_PATH=/nix/store/dk0n769l985raba2nrya2q7ivspafj6f-gcc-6.4.0-lib/lib/:/nix/store/d54amiggq6bw23jw6mdsgamvs6v1g3bh-glibc-2.25-123/lib/:/nix/store/5l6b97jscljkvsq9y9amg71v5jfzddm4-gcc-wrapper-6.4.0/bin/:/nix/store/3p1b66av1sflap15jr4b8z6hw28fmjam-gcc-6.4.0/lib/gcc/x86_64-unknown-linux-gnu/6.4.0/:/nix/store/3p1b66av1sflap15jr4b8z6hw28fmjam-gcc-6.4.0/lib/gcc/x86_64-unknown-linux-gnu/6.4.0/../../../../lib64/:/nix/store/3p1b66av1sflap15jr4b8z6hw28fmjam-gcc-6.4.0/lib/gcc/x86_64-unknown-linux-gnu/6.4.0/../../../
COLLECT_GCC_OPTIONS='-v' '-o' 'cmTC_e0e96' '-B' '/nix/store/dk0n769l985raba2nrya2q7ivspafj6f-gcc-6.4.0-lib/lib' '-B' '/nix/store/d54amiggq6bw23jw6mdsgamvs6v1g3bh-glibc-2.25-123/lib/' '-idirafter' '/nix/store/j4q18y05wpnjin423wf69nfb7r7q0ml9-glibc-2.25-123-dev/include' '-idirafter' '/nix/store/3p1b66av1sflap15jr4b8z6hw28fmjam-gcc-6.4.0/lib/gcc/x86_64-unknown-linux-gnu/6.4.0/include-fixed' '-B' '/nix/store/5l6b97jscljkvsq9y9amg71v5jfzddm4-gcc-wrapper-6.4.0/bin/' '-O2' '-D' '_FORTIFY_SOURCE=2' '-fstack-protector-strong' '--param' 'ssp-buffer-size=4' '-fPIC' '-fno-strict-overflow' '-Wformat=1' '-Wformat-security' '-Werror=format-security' '-L/nix/store/d54amiggq6bw23jw6mdsgamvs6v1g3bh-glibc-2.25-123/lib' '-L/nix/store/dk0n769l985raba2nrya2q7ivspafj6f-gcc-6.4.0-lib/lib' '-shared-libgcc' '-mtune=generic' '-march=x86-64'
 /nix/store/3p1b66av1sflap15jr4b8z6hw28fmjam-gcc-6.4.0/libexec/gcc/x86_64-unknown-linux-gnu/6.4.0/collect2 -plugin /nix/store/3p1b66av1sflap15jr4b8z6hw28fmjam-gcc-6.4.0/libexec/gcc/x86_64-unknown-linux-gnu/6.4.0/liblto_plugin.so -plugin-opt=/nix/store/3p1b66av1sflap15jr4b8z6hw28fmjam-gcc-6.4.0/libexec/gcc/x86_64-unknown-linux-gnu/6.4.0/lto-wrapper -plugin-opt=-fresolution=/tmp/ccg3nJnl.res -plugin-opt=-pass-through=-lgcc_s -plugin-opt=-pass-through=-lgcc -plugin-opt=-pass-through=-lc -plugin-opt=-pass-through=-lgcc_s -plugin-opt=-pass-through=-lgcc --eh-frame-hdr -m elf_x86_64 -dynamic-linker /nix/store/d54amiggq6bw23jw6mdsgamvs6v1g3bh-glibc-2.25-123/lib64/ld-linux-x86-64.so.2 -o cmTC_e0e96 /nix/store/d54amiggq6bw23jw6mdsgamvs6v1g3bh-glibc-2.25-123/lib/crt1.o /nix/store/d54amiggq6bw23jw6mdsgamvs6v1g3bh-glibc-2.25-123/lib/crti.o /nix/store/3p1b66av1sflap15jr4b8z6hw28fmjam-gcc-6.4.0/lib/gcc/x86_64-unknown-linux-gnu/6.4.0/crtbegin.o -L/nix/store/d54amiggq6bw23jw6mdsgamvs6v1g3bh-glibc-2.25-123/lib -L/nix/store/dk0n769l985raba2nrya2q7ivspafj6f-gcc-6.4.0-lib/lib -L/nix/store/dk0n769l985raba2nrya2q7ivspafj6f-gcc-6.4.0-lib/lib -L/nix/store/d54amiggq6bw23jw6mdsgamvs6v1g3bh-glibc-2.25-123/lib -L/nix/store/5l6b97jscljkvsq9y9amg71v5jfzddm4-gcc-wrapper-6.4.0/bin -L/nix/store/3p1b66av1sflap15jr4b8z6hw28fmjam-gcc-6.4.0/lib/gcc/x86_64-unknown-linux-gnu/6.4.0 -L/nix/store/3p1b66av1sflap15jr4b8z6hw28fmjam-gcc-6.4.0/lib/gcc/x86_64-unknown-linux-gnu/6.4.0/../../../../lib64 -L/nix/store/3p1b66av1sflap15jr4b8z6hw28fmjam-gcc-6.4.0/lib/gcc/x86_64-unknown-linux-gnu/6.4.0/../../.. -dynamic-linker /nix/store/d54amiggq6bw23jw6mdsgamvs6v1g3bh-glibc-2.25-123/lib/ld-linux-x86-64.so.2 CMakeFiles/cmTC_e0e96.dir/CMakeCXXCompilerABI.cpp.o -lstdc++ -lm -lgcc_s -lgcc -lc -lgcc_s -lgcc /nix/store/3p1b66av1sflap15jr4b8z6hw28fmjam-gcc-6.4.0/lib/gcc/x86_64-unknown-linux-gnu/6.4.0/crtend.o /nix/store/d54amiggq6bw23jw6mdsgamvs6v1g3bh-glibc-2.25-123/lib/crtn.o
COLLECT_GCC_OPTIONS='-v' '-o' 'cmTC_e0e96' '-B' '/nix/store/dk0n769l985raba2nrya2q7ivspafj6f-gcc-6.4.0-lib/lib' '-B' '/nix/store/d54amiggq6bw23jw6mdsgamvs6v1g3bh-glibc-2.25-123/lib/' '-idirafter' '/nix/store/j4q18y05wpnjin423wf69nfb7r7q0ml9-glibc-2.25-123-dev/include' '-idirafter' '/nix/store/3p1b66av1sflap15jr4b8z6hw28fmjam-gcc-6.4.0/lib/gcc/x86_64-unknown-linux-gnu/6.4.0/include-fixed' '-B' '/nix/store/5l6b97jscljkvsq9y9amg71v5jfzddm4-gcc-wrapper-6.4.0/bin/' '-O2' '-D' '_FORTIFY_SOURCE=2' '-fstack-protector-strong' '--param' 'ssp-buffer-size=4' '-fPIC' '-fno-strict-overflow' '-Wformat=1' '-Wformat-security' '-Werror=format-security' '-L/nix/store/d54amiggq6bw23jw6mdsgamvs6v1g3bh-glibc-2.25-123/lib' '-L/nix/store/dk0n769l985raba2nrya2q7ivspafj6f-gcc-6.4.0-lib/lib' '-shared-libgcc' '-mtune=generic' '-march=x86-64'
make[1]: Leaving directory '/home/wil/Code/CLionProjects/wevents/cmake-build-debug/CMakeFiles/CMakeTmp'


Parsed CXX implicit link information from above output:
  link line regex: [^( *|.*[/\])(ld|CMAKE_LINK_STARTFILE-NOTFOUND|([^/\]+-)?ld|collect2)[^/\]*( |$)]
  ignore line: [Change Dir: /home/wil/Code/CLionProjects/wevents/cmake-build-debug/CMakeFiles/CMakeTmp]
  ignore line: []
  ignore line: [Run Build Command:"/nix/var/nix/profiles/default/bin/make" "cmTC_e0e96/fast"]
  ignore line: [/nix/var/nix/profiles/default/bin/make -f CMakeFiles/cmTC_e0e96.dir/build.make CMakeFiles/cmTC_e0e96.dir/build]
  ignore line: [make[1]: Entering directory '/home/wil/Code/CLionProjects/wevents/cmake-build-debug/CMakeFiles/CMakeTmp']
  ignore line: [Building CXX object CMakeFiles/cmTC_e0e96.dir/CMakeCXXCompilerABI.cpp.o]
  ignore line: [/nix/var/nix/profiles/default/bin/g++     -o CMakeFiles/cmTC_e0e96.dir/CMakeCXXCompilerABI.cpp.o -c /home/wil/Software/clion-2017.3.3/bin/cmake/share/cmake-3.9/Modules/CMakeCXXCompilerABI.cpp]
  ignore line: [Linking CXX executable cmTC_e0e96]
  ignore line: [/home/wil/Software/clion-2017.3.3/bin/cmake/bin/cmake -E cmake_link_script CMakeFiles/cmTC_e0e96.dir/link.txt --verbose=1]
  ignore line: [/nix/var/nix/profiles/default/bin/g++      -v CMakeFiles/cmTC_e0e96.dir/CMakeCXXCompilerABI.cpp.o  -o cmTC_e0e96 ]
  ignore line: [Using built-in specs.]
  ignore line: [COLLECT_GCC=/nix/store/3p1b66av1sflap15jr4b8z6hw28fmjam-gcc-6.4.0/bin/g++]
  ignore line: [COLLECT_LTO_WRAPPER=/nix/store/3p1b66av1sflap15jr4b8z6hw28fmjam-gcc-6.4.0/libexec/gcc/x86_64-unknown-linux-gnu/6.4.0/lto-wrapper]
  ignore line: [Target: x86_64-unknown-linux-gnu]
  ignore line: [Configured with: ]
  ignore line: [Thread model: posix]
  ignore line: [gcc version 6.4.0 (GCC) ]
  ignore line: [COMPILER_PATH=/nix/store/dk0n769l985raba2nrya2q7ivspafj6f-gcc-6.4.0-lib/lib/:/nix/store/d54amiggq6bw23jw6mdsgamvs6v1g3bh-glibc-2.25-123/lib/:/nix/store/5l6b97jscljkvsq9y9amg71v5jfzddm4-gcc-wrapper-6.4.0/bin/:/nix/store/3p1b66av1sflap15jr4b8z6hw28fmjam-gcc-6.4.0/libexec/gcc/x86_64-unknown-linux-gnu/6.4.0/:/nix/store/3p1b66av1sflap15jr4b8z6hw28fmjam-gcc-6.4.0/libexec/gcc/x86_64-unknown-linux-gnu/6.4.0/:/nix/store/3p1b66av1sflap15jr4b8z6hw28fmjam-gcc-6.4.0/libexec/gcc/x86_64-unknown-linux-gnu/:/nix/store/3p1b66av1sflap15jr4b8z6hw28fmjam-gcc-6.4.0/lib/gcc/x86_64-unknown-linux-gnu/6.4.0/:/nix/store/3p1b66av1sflap15jr4b8z6hw28fmjam-gcc-6.4.0/lib/gcc/x86_64-unknown-linux-gnu/]
  ignore line: [LIBRARY_PATH=/nix/store/dk0n769l985raba2nrya2q7ivspafj6f-gcc-6.4.0-lib/lib/:/nix/store/d54amiggq6bw23jw6mdsgamvs6v1g3bh-glibc-2.25-123/lib/:/nix/store/5l6b97jscljkvsq9y9amg71v5jfzddm4-gcc-wrapper-6.4.0/bin/:/nix/store/3p1b66av1sflap15jr4b8z6hw28fmjam-gcc-6.4.0/lib/gcc/x86_64-unknown-linux-gnu/6.4.0/:/nix/store/3p1b66av1sflap15jr4b8z6hw28fmjam-gcc-6.4.0/lib/gcc/x86_64-unknown-linux-gnu/6.4.0/../../../../lib64/:/nix/store/3p1b66av1sflap15jr4b8z6hw28fmjam-gcc-6.4.0/lib/gcc/x86_64-unknown-linux-gnu/6.4.0/../../../]
  ignore line: [COLLECT_GCC_OPTIONS='-v' '-o' 'cmTC_e0e96' '-B' '/nix/store/dk0n769l985raba2nrya2q7ivspafj6f-gcc-6.4.0-lib/lib' '-B' '/nix/store/d54amiggq6bw23jw6mdsgamvs6v1g3bh-glibc-2.25-123/lib/' '-idirafter' '/nix/store/j4q18y05wpnjin423wf69nfb7r7q0ml9-glibc-2.25-123-dev/include' '-idirafter' '/nix/store/3p1b66av1sflap15jr4b8z6hw28fmjam-gcc-6.4.0/lib/gcc/x86_64-unknown-linux-gnu/6.4.0/include-fixed' '-B' '/nix/store/5l6b97jscljkvsq9y9amg71v5jfzddm4-gcc-wrapper-6.4.0/bin/' '-O2' '-D' '_FORTIFY_SOURCE=2' '-fstack-protector-strong' '--param' 'ssp-buffer-size=4' '-fPIC' '-fno-strict-overflow' '-Wformat=1' '-Wformat-security' '-Werror=format-security' '-L/nix/store/d54amiggq6bw23jw6mdsgamvs6v1g3bh-glibc-2.25-123/lib' '-L/nix/store/dk0n769l985raba2nrya2q7ivspafj6f-gcc-6.4.0-lib/lib' '-shared-libgcc' '-mtune=generic' '-march=x86-64']
  link line: [ /nix/store/3p1b66av1sflap15jr4b8z6hw28fmjam-gcc-6.4.0/libexec/gcc/x86_64-unknown-linux-gnu/6.4.0/collect2 -plugin /nix/store/3p1b66av1sflap15jr4b8z6hw28fmjam-gcc-6.4.0/libexec/gcc/x86_64-unknown-linux-gnu/6.4.0/liblto_plugin.so -plugin-opt=/nix/store/3p1b66av1sflap15jr4b8z6hw28fmjam-gcc-6.4.0/libexec/gcc/x86_64-unknown-linux-gnu/6.4.0/lto-wrapper -plugin-opt=-fresolution=/tmp/ccg3nJnl.res -plugin-opt=-pass-through=-lgcc_s -plugin-opt=-pass-through=-lgcc -plugin-opt=-pass-through=-lc -plugin-opt=-pass-through=-lgcc_s -plugin-opt=-pass-through=-lgcc --eh-frame-hdr -m elf_x86_64 -dynamic-linker /nix/store/d54amiggq6bw23jw6mdsgamvs6v1g3bh-glibc-2.25-123/lib64/ld-linux-x86-64.so.2 -o cmTC_e0e96 /nix/store/d54amiggq6bw23jw6mdsgamvs6v1g3bh-glibc-2.25-123/lib/crt1.o /nix/store/d54amiggq6bw23jw6mdsgamvs6v1g3bh-glibc-2.25-123/lib/crti.o /nix/store/3p1b66av1sflap15jr4b8z6hw28fmjam-gcc-6.4.0/lib/gcc/x86_64-unknown-linux-gnu/6.4.0/crtbegin.o -L/nix/store/d54amiggq6bw23jw6mdsgamvs6v1g3bh-glibc-2.25-123/lib -L/nix/store/dk0n769l985raba2nrya2q7ivspafj6f-gcc-6.4.0-lib/lib -L/nix/store/dk0n769l985raba2nrya2q7ivspafj6f-gcc-6.4.0-lib/lib -L/nix/store/d54amiggq6bw23jw6mdsgamvs6v1g3bh-glibc-2.25-123/lib -L/nix/store/5l6b97jscljkvsq9y9amg71v5jfzddm4-gcc-wrapper-6.4.0/bin -L/nix/store/3p1b66av1sflap15jr4b8z6hw28fmjam-gcc-6.4.0/lib/gcc/x86_64-unknown-linux-gnu/6.4.0 -L/nix/store/3p1b66av1sflap15jr4b8z6hw28fmjam-gcc-6.4.0/lib/gcc/x86_64-unknown-linux-gnu/6.4.0/../../../../lib64 -L/nix/store/3p1b66av1sflap15jr4b8z6hw28fmjam-gcc-6.4.0/lib/gcc/x86_64-unknown-linux-gnu/6.4.0/../../.. -dynamic-linker /nix/store/d54amiggq6bw23jw6mdsgamvs6v1g3bh-glibc-2.25-123/lib/ld-linux-x86-64.so.2 CMakeFiles/cmTC_e0e96.dir/CMakeCXXCompilerABI.cpp.o -lstdc++ -lm -lgcc_s -lgcc -lc -lgcc_s -lgcc /nix/store/3p1b66av1sflap15jr4b8z6hw28fmjam-gcc-6.4.0/lib/gcc/x86_64-unknown-linux-gnu/6.4.0/crtend.o /nix/store/d54amiggq6bw23jw6mdsgamvs6v1g3bh-glibc-2.25-123/lib/crtn.o]
    arg [/nix/store/3p1b66av1sflap15jr4b8z6hw28fmjam-gcc-6.4.0/libexec/gcc/x86_64-unknown-linux-gnu/6.4.0/collect2] ==> ignore
    arg [-plugin] ==> ignore
    arg [/nix/store/3p1b66av1sflap15jr4b8z6hw28fmjam-gcc-6.4.0/libexec/gcc/x86_64-unknown-linux-gnu/6.4.0/liblto_plugin.so] ==> ignore
    arg [-plugin-opt=/nix/store/3p1b66av1sflap15jr4b8z6hw28fmjam-gcc-6.4.0/libexec/gcc/x86_64-unknown-linux-gnu/6.4.0/lto-wrapper] ==> ignore
    arg [-plugin-opt=-fresolution=/tmp/ccg3nJnl.res] ==> ignore
    arg [-plugin-opt=-pass-through=-lgcc_s] ==> ignore
    arg [-plugin-opt=-pass-through=-lgcc] ==> ignore
    arg [-plugin-opt=-pass-through=-lc] ==> ignore
    arg [-plugin-opt=-pass-through=-lgcc_s] ==> ignore
    arg [-plugin-opt=-pass-through=-lgcc] ==> ignore
    arg [--eh-frame-hdr] ==> ignore
    arg [-m] ==> ignore
    arg [elf_x86_64] ==> ignore
    arg [-dynamic-linker] ==> ignore
    arg [/nix/store/d54amiggq6bw23jw6mdsgamvs6v1g3bh-glibc-2.25-123/lib64/ld-linux-x86-64.so.2] ==> ignore
    arg [-o] ==> ignore
    arg [cmTC_e0e96] ==> ignore
    arg [/nix/store/d54amiggq6bw23jw6mdsgamvs6v1g3bh-glibc-2.25-123/lib/crt1.o] ==> ignore
    arg [/nix/store/d54amiggq6bw23jw6mdsgamvs6v1g3bh-glibc-2.25-123/lib/crti.o] ==> ignore
    arg [/nix/store/3p1b66av1sflap15jr4b8z6hw28fmjam-gcc-6.4.0/lib/gcc/x86_64-unknown-linux-gnu/6.4.0/crtbegin.o] ==> ignore
    arg [-L/nix/store/d54amiggq6bw23jw6mdsgamvs6v1g3bh-glibc-2.25-123/lib] ==> dir [/nix/store/d54amiggq6bw23jw6mdsgamvs6v1g3bh-glibc-2.25-123/lib]
    arg [-L/nix/store/dk0n769l985raba2nrya2q7ivspafj6f-gcc-6.4.0-lib/lib] ==> dir [/nix/store/dk0n769l985raba2nrya2q7ivspafj6f-gcc-6.4.0-lib/lib]
    arg [-L/nix/store/dk0n769l985raba2nrya2q7ivspafj6f-gcc-6.4.0-lib/lib] ==> dir [/nix/store/dk0n769l985raba2nrya2q7ivspafj6f-gcc-6.4.0-lib/lib]
    arg [-L/nix/store/d54amiggq6bw23jw6mdsgamvs6v1g3bh-glibc-2.25-123/lib] ==> dir [/nix/store/d54amiggq6bw23jw6mdsgamvs6v1g3bh-glibc-2.25-123/lib]
    arg [-L/nix/store/5l6b97jscljkvsq9y9amg71v5jfzddm4-gcc-wrapper-6.4.0/bin] ==> dir [/nix/store/5l6b97jscljkvsq9y9amg71v5jfzddm4-gcc-wrapper-6.4.0/bin]
    arg [-L/nix/store/3p1b66av1sflap15jr4b8z6hw28fmjam-gcc-6.4.0/lib/gcc/x86_64-unknown-linux-gnu/6.4.0] ==> dir [/nix/store/3p1b66av1sflap15jr4b8z6hw28fmjam-gcc-6.4.0/lib/gcc/x86_64-unknown-linux-gnu/6.4.0]
    arg [-L/nix/store/3p1b66av1sflap15jr4b8z6hw28fmjam-gcc-6.4.0/lib/gcc/x86_64-unknown-linux-gnu/6.4.0/../../../../lib64] ==> dir [/nix/store/3p1b66av1sflap15jr4b8z6hw28fmjam-gcc-6.4.0/lib/gcc/x86_64-unknown-linux-gnu/6.4.0/../../../../lib64]
    arg [-L/nix/store/3p1b66av1sflap15jr4b8z6hw28fmjam-gcc-6.4.0/lib/gcc/x86_64-unknown-linux-gnu/6.4.0/../../..] ==> dir [/nix/store/3p1b66av1sflap15jr4b8z6hw28fmjam-gcc-6.4.0/lib/gcc/x86_64-unknown-linux-gnu/6.4.0/../../..]
    arg [-dynamic-linker] ==> ignore
    arg [/nix/store/d54amiggq6bw23jw6mdsgamvs6v1g3bh-glibc-2.25-123/lib/ld-linux-x86-64.so.2] ==> ignore
    arg [CMakeFiles/cmTC_e0e96.dir/CMakeCXXCompilerABI.cpp.o] ==> ignore
    arg [-lstdc++] ==> lib [stdc++]
    arg [-lm] ==> lib [m]
    arg [-lgcc_s] ==> lib [gcc_s]
    arg [-lgcc] ==> lib [gcc]
    arg [-lc] ==> lib [c]
    arg [-lgcc_s] ==> lib [gcc_s]
    arg [-lgcc] ==> lib [gcc]
    arg [/nix/store/3p1b66av1sflap15jr4b8z6hw28fmjam-gcc-6.4.0/lib/gcc/x86_64-unknown-linux-gnu/6.4.0/crtend.o] ==> ignore
    arg [/nix/store/d54amiggq6bw23jw6mdsgamvs6v1g3bh-glibc-2.25-123/lib/crtn.o] ==> ignore
  collapse library dir [/nix/store/d54amiggq6bw23jw6mdsgamvs6v1g3bh-glibc-2.25-123/lib] ==> [/nix/store/d54amiggq6bw23jw6mdsgamvs6v1g3bh-glibc-2.25-123/lib]
  collapse library dir [/nix/store/dk0n769l985raba2nrya2q7ivspafj6f-gcc-6.4.0-lib/lib] ==> [/nix/store/dk0n769l985raba2nrya2q7ivspafj6f-gcc-6.4.0-lib/lib]
  collapse library dir [/nix/store/dk0n769l985raba2nrya2q7ivspafj6f-gcc-6.4.0-lib/lib] ==> [/nix/store/dk0n769l985raba2nrya2q7ivspafj6f-gcc-6.4.0-lib/lib]
  collapse library dir [/nix/store/d54amiggq6bw23jw6mdsgamvs6v1g3bh-glibc-2.25-123/lib] ==> [/nix/store/d54amiggq6bw23jw6mdsgamvs6v1g3bh-glibc-2.25-123/lib]
  collapse library dir [/nix/store/5l6b97jscljkvsq9y9amg71v5jfzddm4-gcc-wrapper-6.4.0/bin] ==> [/nix/store/5l6b97jscljkvsq9y9amg71v5jfzddm4-gcc-wrapper-6.4.0/bin]
  collapse library dir [/nix/store/3p1b66av1sflap15jr4b8z6hw28fmjam-gcc-6.4.0/lib/gcc/x86_64-unknown-linux-gnu/6.4.0] ==> [/nix/store/3p1b66av1sflap15jr4b8z6hw28fmjam-gcc-6.4.0/lib/gcc/x86_64-unknown-linux-gnu/6.4.0]
  collapse library dir [/nix/store/3p1b66av1sflap15jr4b8z6hw28fmjam-gcc-6.4.0/lib/gcc/x86_64-unknown-linux-gnu/6.4.0/../../../../lib64] ==> [/nix/store/3p1b66av1sflap15jr4b8z6hw28fmjam-gcc-6.4.0/lib64]
  collapse library dir [/nix/store/3p1b66av1sflap15jr4b8z6hw28fmjam-gcc-6.4.0/lib/gcc/x86_64-unknown-linux-gnu/6.4.0/../../..] ==> [/nix/store/3p1b66av1sflap15jr4b8z6hw28fmjam-gcc-6.4.0/lib]
  implicit libs: [stdc++;m;gcc_s;gcc;c;gcc_s;gcc]
  implicit dirs: [/nix/store/d54amiggq6bw23jw6mdsgamvs6v1g3bh-glibc-2.25-123/lib;/nix/store/dk0n769l985raba2nrya2q7ivspafj6f-gcc-6.4.0-lib/lib;/nix/store/5l6b97jscljkvsq9y9amg71v5jfzddm4-gcc-wrapper-6.4.0/bin;/nix/store/3p1b66av1sflap15jr4b8z6hw28fmjam-gcc-6.4.0/lib/gcc/x86_64-unknown-linux-gnu/6.4.0;/nix/store/3p1b66av1sflap15jr4b8z6hw28fmjam-gcc-6.4.0/lib64;/nix/store/3p1b66av1sflap15jr4b8z6hw28fmjam-gcc-6.4.0/lib]
  implicit fwks: []




Detecting CXX [-std=c++1z] compiler features compiled with the following output:
Change Dir: /home/wil/Code/CLionProjects/wevents/cmake-build-debug/CMakeFiles/CMakeTmp

Run Build Command:"/nix/var/nix/profiles/default/bin/make" "cmTC_2b2a2/fast"
/nix/var/nix/profiles/default/bin/make -f CMakeFiles/cmTC_2b2a2.dir/build.make CMakeFiles/cmTC_2b2a2.dir/build
make[1]: Entering directory '/home/wil/Code/CLionProjects/wevents/cmake-build-debug/CMakeFiles/CMakeTmp'
Building CXX object CMakeFiles/cmTC_2b2a2.dir/feature_tests.cxx.o
/nix/var/nix/profiles/default/bin/g++    -std=c++1z -o CMakeFiles/cmTC_2b2a2.dir/feature_tests.cxx.o -c /home/wil/Code/CLionProjects/wevents/cmake-build-debug/CMakeFiles/feature_tests.cxx
Linking CXX executable cmTC_2b2a2
/home/wil/Software/clion-2017.3.3/bin/cmake/bin/cmake -E cmake_link_script CMakeFiles/cmTC_2b2a2.dir/link.txt --verbose=1
/nix/var/nix/profiles/default/bin/g++       CMakeFiles/cmTC_2b2a2.dir/feature_tests.cxx.o  -o cmTC_2b2a2 
make[1]: Leaving directory '/home/wil/Code/CLionProjects/wevents/cmake-build-debug/CMakeFiles/CMakeTmp'


    Feature record: CXX_FEATURE:1cxx_aggregate_default_initializers
    Feature record: CXX_FEATURE:1cxx_alias_templates
    Feature record: CXX_FEATURE:1cxx_alignas
    Feature record: CXX_FEATURE:1cxx_alignof
    Feature record: CXX_FEATURE:1cxx_attributes
    Feature record: CXX_FEATURE:1cxx_attribute_deprecated
    Feature record: CXX_FEATURE:1cxx_auto_type
    Feature record: CXX_FEATURE:1cxx_binary_literals
    Feature record: CXX_FEATURE:1cxx_constexpr
    Feature record: CXX_FEATURE:1cxx_contextual_conversions
    Feature record: CXX_FEATURE:1cxx_decltype
    Feature record: CXX_FEATURE:1cxx_decltype_auto
    Feature record: CXX_FEATURE:1cxx_decltype_incomplete_return_types
    Feature record: CXX_FEATURE:1cxx_default_function_template_args
    Feature record: CXX_FEATURE:1cxx_defaulted_functions
    Feature record: CXX_FEATURE:1cxx_defaulted_move_initializers
    Feature record: CXX_FEATURE:1cxx_delegating_constructors
    Feature record: CXX_FEATURE:1cxx_deleted_functions
    Feature record: CXX_FEATURE:1cxx_digit_separators
    Feature record: CXX_FEATURE:1cxx_enum_forward_declarations
    Feature record: CXX_FEATURE:1cxx_explicit_conversions
    Feature record: CXX_FEATURE:1cxx_extended_friend_declarations
    Feature record: CXX_FEATURE:1cxx_extern_templates
    Feature record: CXX_FEATURE:1cxx_final
    Feature record: CXX_FEATURE:1cxx_func_identifier
    Feature record: CXX_FEATURE:1cxx_generalized_initializers
    Feature record: CXX_FEATURE:1cxx_generic_lambdas
    Feature record: CXX_FEATURE:1cxx_inheriting_constructors
    Feature record: CXX_FEATURE:1cxx_inline_namespaces
    Feature record: CXX_FEATURE:1cxx_lambdas
    Feature record: CXX_FEATURE:1cxx_lambda_init_captures
    Feature record: CXX_FEATURE:1cxx_local_type_template_args
    Feature record: CXX_FEATURE:1cxx_long_long_type
    Feature record: CXX_FEATURE:1cxx_noexcept
    Feature record: CXX_FEATURE:1cxx_nonstatic_member_init
    Feature record: CXX_FEATURE:1cxx_nullptr
    Feature record: CXX_FEATURE:1cxx_override
    Feature record: CXX_FEATURE:1cxx_range_for
    Feature record: CXX_FEATURE:1cxx_raw_string_literals
    Feature record: CXX_FEATURE:1cxx_reference_qualified_functions
    Feature record: CXX_FEATURE:1cxx_relaxed_constexpr
    Feature record: CXX_FEATURE:1cxx_return_type_deduction
    Feature record: CXX_FEATURE:1cxx_right_angle_brackets
    Feature record: CXX_FEATURE:1cxx_rvalue_references
    Feature record: CXX_FEATURE:1cxx_sizeof_member
    Feature record: CXX_FEATURE:1cxx_static_assert
    Feature record: CXX_FEATURE:1cxx_strong_enums
    Feature record: CXX_FEATURE:1cxx_template_template_parameters
    Feature record: CXX_FEATURE:1cxx_thread_local
    Feature record: CXX_FEATURE:1cxx_trailing_return_types
    Feature record: CXX_FEATURE:1cxx_unicode_literals
    Feature record: CXX_FEATURE:1cxx_uniform_initialization
    Feature record: CXX_FEATURE:1cxx_unrestricted_unions
    Feature record: CXX_FEATURE:1cxx_user_literals
    Feature record: CXX_FEATURE:1cxx_variable_templates
    Feature record: CXX_FEATURE:1cxx_variadic_macros
    Feature record: CXX_FEATURE:1cxx_variadic_templates


Detecting CXX [-std=c++14] compiler features compiled with the following output:
Change Dir: /home/wil/Code/CLionProjects/wevents/cmake-build-debug/CMakeFiles/CMakeTmp

Run Build Command:"/nix/var/nix/profiles/default/bin/make" "cmTC_5f1f5/fast"
/nix/var/nix/profiles/default/bin/make -f CMakeFiles/cmTC_5f1f5.dir/build.make CMakeFiles/cmTC_5f1f5.dir/build
make[1]: Entering directory '/home/wil/Code/CLionProjects/wevents/cmake-build-debug/CMakeFiles/CMakeTmp'
Building CXX object CMakeFiles/cmTC_5f1f5.dir/feature_tests.cxx.o
/nix/var/nix/profiles/default/bin/g++    -std=c++14 -o CMakeFiles/cmTC_5f1f5.dir/feature_tests.cxx.o -c /home/wil/Code/CLionProjects/wevents/cmake-build-debug/CMakeFiles/feature_tests.cxx
Linking CXX executable cmTC_5f1f5
/home/wil/Software/clion-2017.3.3/bin/cmake/bin/cmake -E cmake_link_script CMakeFiles/cmTC_5f1f5.dir/link.txt --verbose=1
/nix/var/nix/profiles/default/bin/g++       CMakeFiles/cmTC_5f1f5.dir/feature_tests.cxx.o  -o cmTC_5f1f5 
make[1]: Leaving directory '/home/wil/Code/CLionProjects/wevents/cmake-build-debug/CMakeFiles/CMakeTmp'


    Feature record: CXX_FEATURE:1cxx_aggregate_default_initializers
    Feature record: CXX_FEATURE:1cxx_alias_templates
    Feature record: CXX_FEATURE:1cxx_alignas
    Feature record: CXX_FEATURE:1cxx_alignof
    Feature record: CXX_FEATURE:1cxx_attributes
    Feature record: CXX_FEATURE:1cxx_attribute_deprecated
    Feature record: CXX_FEATURE:1cxx_auto_type
    Feature record: CXX_FEATURE:1cxx_binary_literals
    Feature record: CXX_FEATURE:1cxx_constexpr
    Feature record: CXX_FEATURE:1cxx_contextual_conversions
    Feature record: CXX_FEATURE:1cxx_decltype
    Feature record: CXX_FEATURE:1cxx_decltype_auto
    Feature record: CXX_FEATURE:1cxx_decltype_incomplete_return_types
    Feature record: CXX_FEATURE:1cxx_default_function_template_args
    Feature record: CXX_FEATURE:1cxx_defaulted_functions
    Feature record: CXX_FEATURE:1cxx_defaulted_move_initializers
    Feature record: CXX_FEATURE:1cxx_delegating_constructors
    Feature record: CXX_FEATURE:1cxx_deleted_functions
    Feature record: CXX_FEATURE:1cxx_digit_separators
    Feature record: CXX_FEATURE:1cxx_enum_forward_declarations
    Feature record: CXX_FEATURE:1cxx_explicit_conversions
    Feature record: CXX_FEATURE:1cxx_extended_friend_declarations
    Feature record: CXX_FEATURE:1cxx_extern_templates
    Feature record: CXX_FEATURE:1cxx_final
    Feature record: CXX_FEATURE:1cxx_func_identifier
    Feature record: CXX_FEATURE:1cxx_generalized_initializers
    Feature record: CXX_FEATURE:1cxx_generic_lambdas
    Feature record: CXX_FEATURE:1cxx_inheriting_constructors
    Feature record: CXX_FEATURE:1cxx_inline_namespaces
    Feature record: CXX_FEATURE:1cxx_lambdas
    Feature record: CXX_FEATURE:1cxx_lambda_init_captures
    Feature record: CXX_FEATURE:1cxx_local_type_template_args
    Feature record: CXX_FEATURE:1cxx_long_long_type
    Feature record: CXX_FEATURE:1cxx_noexcept
    Feature record: CXX_FEATURE:1cxx_nonstatic_member_init
    Feature record: CXX_FEATURE:1cxx_nullptr
    Feature record: CXX_FEATURE:1cxx_override
    Feature record: CXX_FEATURE:1cxx_range_for
    Feature record: CXX_FEATURE:1cxx_raw_string_literals
    Feature record: CXX_FEATURE:1cxx_reference_qualified_functions
    Feature record: CXX_FEATURE:1cxx_relaxed_constexpr
    Feature record: CXX_FEATURE:1cxx_return_type_deduction
    Feature record: CXX_FEATURE:1cxx_right_angle_brackets
    Feature record: CXX_FEATURE:1cxx_rvalue_references
    Feature record: CXX_FEATURE:1cxx_sizeof_member
    Feature record: CXX_FEATURE:1cxx_static_assert
    Feature record: CXX_FEATURE:1cxx_strong_enums
    Feature record: CXX_FEATURE:1cxx_template_template_parameters
    Feature record: CXX_FEATURE:1cxx_thread_local
    Feature record: CXX_FEATURE:1cxx_trailing_return_types
    Feature record: CXX_FEATURE:1cxx_unicode_literals
    Feature record: CXX_FEATURE:1cxx_uniform_initialization
    Feature record: CXX_FEATURE:1cxx_unrestricted_unions
    Feature record: CXX_FEATURE:1cxx_user_literals
    Feature record: CXX_FEATURE:1cxx_variable_templates
    Feature record: CXX_FEATURE:1cxx_variadic_macros
    Feature record: CXX_FEATURE:1cxx_variadic_templates


Detecting CXX [-std=c++11] compiler features compiled with the following output:
Change Dir: /home/wil/Code/CLionProjects/wevents/cmake-build-debug/CMakeFiles/CMakeTmp

Run Build Command:"/nix/var/nix/profiles/default/bin/make" "cmTC_5467e/fast"
/nix/var/nix/profiles/default/bin/make -f CMakeFiles/cmTC_5467e.dir/build.make CMakeFiles/cmTC_5467e.dir/build
make[1]: Entering directory '/home/wil/Code/CLionProjects/wevents/cmake-build-debug/CMakeFiles/CMakeTmp'
Building CXX object CMakeFiles/cmTC_5467e.dir/feature_tests.cxx.o
/nix/var/nix/profiles/default/bin/g++    -std=c++11 -o CMakeFiles/cmTC_5467e.dir/feature_tests.cxx.o -c /home/wil/Code/CLionProjects/wevents/cmake-build-debug/CMakeFiles/feature_tests.cxx
Linking CXX executable cmTC_5467e
/home/wil/Software/clion-2017.3.3/bin/cmake/bin/cmake -E cmake_link_script CMakeFiles/cmTC_5467e.dir/link.txt --verbose=1
/nix/var/nix/profiles/default/bin/g++       CMakeFiles/cmTC_5467e.dir/feature_tests.cxx.o  -o cmTC_5467e 
make[1]: Leaving directory '/home/wil/Code/CLionProjects/wevents/cmake-build-debug/CMakeFiles/CMakeTmp'


    Feature record: CXX_FEATURE:0cxx_aggregate_default_initializers
    Feature record: CXX_FEATURE:1cxx_alias_templates
    Feature record: CXX_FEATURE:1cxx_alignas
    Feature record: CXX_FEATURE:1cxx_alignof
    Feature record: CXX_FEATURE:1cxx_attributes
    Feature record: CXX_FEATURE:0cxx_attribute_deprecated
    Feature record: CXX_FEATURE:1cxx_auto_type
    Feature record: CXX_FEATURE:0cxx_binary_literals
    Feature record: CXX_FEATURE:1cxx_constexpr
    Feature record: CXX_FEATURE:0cxx_contextual_conversions
    Feature record: CXX_FEATURE:1cxx_decltype
    Feature record: CXX_FEATURE:0cxx_decltype_auto
    Feature record: CXX_FEATURE:1cxx_decltype_incomplete_return_types
    Feature record: CXX_FEATURE:1cxx_default_function_template_args
    Feature record: CXX_FEATURE:1cxx_defaulted_functions
    Feature record: CXX_FEATURE:1cxx_defaulted_move_initializers
    Feature record: CXX_FEATURE:1cxx_delegating_constructors
    Feature record: CXX_FEATURE:1cxx_deleted_functions
    Feature record: CXX_FEATURE:0cxx_digit_separators
    Feature record: CXX_FEATURE:1cxx_enum_forward_declarations
    Feature record: CXX_FEATURE:1cxx_explicit_conversions
    Feature record: CXX_FEATURE:1cxx_extended_friend_declarations
    Feature record: CXX_FEATURE:1cxx_extern_templates
    Feature record: CXX_FEATURE:1cxx_final
    Feature record: CXX_FEATURE:1cxx_func_identifier
    Feature record: CXX_FEATURE:1cxx_generalized_initializers
    Feature record: CXX_FEATURE:0cxx_generic_lambdas
    Feature record: CXX_FEATURE:1cxx_inheriting_constructors
    Feature record: CXX_FEATURE:1cxx_inline_namespaces
    Feature record: CXX_FEATURE:1cxx_lambdas
    Feature record: CXX_FEATURE:0cxx_lambda_init_captures
    Feature record: CXX_FEATURE:1cxx_local_type_template_args
    Feature record: CXX_FEATURE:1cxx_long_long_type
    Feature record: CXX_FEATURE:1cxx_noexcept
    Feature record: CXX_FEATURE:1cxx_nonstatic_member_init
    Feature record: CXX_FEATURE:1cxx_nullptr
    Feature record: CXX_FEATURE:1cxx_override
    Feature record: CXX_FEATURE:1cxx_range_for
    Feature record: CXX_FEATURE:1cxx_raw_string_literals
    Feature record: CXX_FEATURE:1cxx_reference_qualified_functions
    Feature record: CXX_FEATURE:0cxx_relaxed_constexpr
    Feature record: CXX_FEATURE:0cxx_return_type_deduction
    Feature record: CXX_FEATURE:1cxx_right_angle_brackets
    Feature record: CXX_FEATURE:1cxx_rvalue_references
    Feature record: CXX_FEATURE:1cxx_sizeof_member
    Feature record: CXX_FEATURE:1cxx_static_assert
    Feature record: CXX_FEATURE:1cxx_strong_enums
    Feature record: CXX_FEATURE:1cxx_template_template_parameters
    Feature record: CXX_FEATURE:1cxx_thread_local
    Feature record: CXX_FEATURE:1cxx_trailing_return_types
    Feature record: CXX_FEATURE:1cxx_unicode_literals
    Feature record: CXX_FEATURE:1cxx_uniform_initialization
    Feature record: CXX_FEATURE:1cxx_unrestricted_unions
    Feature record: CXX_FEATURE:1cxx_user_literals
    Feature record: CXX_FEATURE:0cxx_variable_templates
    Feature record: CXX_FEATURE:1cxx_variadic_macros
    Feature record: CXX_FEATURE:1cxx_variadic_templates


Detecting CXX [-std=c++98] compiler features compiled with the following output:
Change Dir: /home/wil/Code/CLionProjects/wevents/cmake-build-debug/CMakeFiles/CMakeTmp

Run Build Command:"/nix/var/nix/profiles/default/bin/make" "cmTC_06eb3/fast"
/nix/var/nix/profiles/default/bin/make -f CMakeFiles/cmTC_06eb3.dir/build.make CMakeFiles/cmTC_06eb3.dir/build
make[1]: Entering directory '/home/wil/Code/CLionProjects/wevents/cmake-build-debug/CMakeFiles/CMakeTmp'
Building CXX object CMakeFiles/cmTC_06eb3.dir/feature_tests.cxx.o
/nix/var/nix/profiles/default/bin/g++    -std=c++98 -o CMakeFiles/cmTC_06eb3.dir/feature_tests.cxx.o -c /home/wil/Code/CLionProjects/wevents/cmake-build-debug/CMakeFiles/feature_tests.cxx
Linking CXX executable cmTC_06eb3
/home/wil/Software/clion-2017.3.3/bin/cmake/bin/cmake -E cmake_link_script CMakeFiles/cmTC_06eb3.dir/link.txt --verbose=1
/nix/var/nix/profiles/default/bin/g++       CMakeFiles/cmTC_06eb3.dir/feature_tests.cxx.o  -o cmTC_06eb3 
make[1]: Leaving directory '/home/wil/Code/CLionProjects/wevents/cmake-build-debug/CMakeFiles/CMakeTmp'


    Feature record: CXX_FEATURE:0cxx_aggregate_default_initializers
    Feature record: CXX_FEATURE:0cxx_alias_templates
    Feature record: CXX_FEATURE:0cxx_alignas
    Feature record: CXX_FEATURE:0cxx_alignof
    Feature record: CXX_FEATURE:0cxx_attributes
    Feature record: CXX_FEATURE:0cxx_attribute_deprecated
    Feature record: CXX_FEATURE:0cxx_auto_type
    Feature record: CXX_FEATURE:0cxx_binary_literals
    Feature record: CXX_FEATURE:0cxx_constexpr
    Feature record: CXX_FEATURE:0cxx_contextual_conversions
    Feature record: CXX_FEATURE:0cxx_decltype
    Feature record: CXX_FEATURE:0cxx_decltype_auto
    Feature record: CXX_FEATURE:0cxx_decltype_incomplete_return_types
    Feature record: CXX_FEATURE:0cxx_default_function_template_args
    Feature record: CXX_FEATURE:0cxx_defaulted_functions
    Feature record: CXX_FEATURE:0cxx_defaulted_move_initializers
    Feature record: CXX_FEATURE:0cxx_delegating_constructors
    Feature record: CXX_FEATURE:0cxx_deleted_functions
    Feature record: CXX_FEATURE:0cxx_digit_separators
    Feature record: CXX_FEATURE:0cxx_enum_forward_declarations
    Feature record: CXX_FEATURE:0cxx_explicit_conversions
    Feature record: CXX_FEATURE:0cxx_extended_friend_declarations
    Feature record: CXX_FEATURE:0cxx_extern_templates
    Feature record: CXX_FEATURE:0cxx_final
    Feature record: CXX_FEATURE:0cxx_func_identifier
    Feature record: CXX_FEATURE:0cxx_generalized_initializers
    Feature record: CXX_FEATURE:0cxx_generic_lambdas
    Feature record: CXX_FEATURE:0cxx_inheriting_constructors
    Feature record: CXX_FEATURE:0cxx_inline_namespaces
    Feature record: CXX_FEATURE:0cxx_lambdas
    Feature record: CXX_FEATURE:0cxx_lambda_init_captures
    Feature record: CXX_FEATURE:0cxx_local_type_template_args
    Feature record: CXX_FEATURE:0cxx_long_long_type
    Feature record: CXX_FEATURE:0cxx_noexcept
    Feature record: CXX_FEATURE:0cxx_nonstatic_member_init
    Feature record: CXX_FEATURE:0cxx_nullptr
    Feature record: CXX_FEATURE:0cxx_override
    Feature record: CXX_FEATURE:0cxx_range_for
    Feature record: CXX_FEATURE:0cxx_raw_string_literals
    Feature record: CXX_FEATURE:0cxx_reference_qualified_functions
    Feature record: CXX_FEATURE:0cxx_relaxed_constexpr
    Feature record: CXX_FEATURE:0cxx_return_type_deduction
    Feature record: CXX_FEATURE:0cxx_right_angle_brackets
    Feature record: CXX_FEATURE:0cxx_rvalue_references
    Feature record: CXX_FEATURE:0cxx_sizeof_member
    Feature record: CXX_FEATURE:0cxx_static_assert
    Feature record: CXX_FEATURE:0cxx_strong_enums
    Feature record: CXX_FEATURE:1cxx_template_template_parameters
    Feature record: CXX_FEATURE:0cxx_thread_local
    Feature record: CXX_FEATURE:0cxx_trailing_return_types
    Feature record: CXX_FEATURE:0cxx_unicode_literals
    Feature record: CXX_FEATURE:0cxx_uniform_initialization
    Feature record: CXX_FEATURE:0cxx_unrestricted_unions
    Feature record: CXX_FEATURE:0cxx_user_literals
    Feature record: CXX_FEATURE:0cxx_variable_templates
    Feature record: CXX_FEATURE:0cxx_variadic_macros
    Feature record: CXX_FEATURE:0cxx_variadic_templates
